<?xml version="1.0" encoding="UTF-8"?>
<!-- Generated by org.testng.reporters.JUnitXMLReporter -->
<testsuite ignored="0" hostname="DESKTOP-K2LUTQ7" failures="0" tests="5" name="Default test" time="84.166" errors="0" timestamp="2021-08-29T21:10:03 CEST">
  <testcase classname="etsy.web.tests.EtsyPageFirefoxTest" name="cart" time="13.993"/>
  <testcase classname="etsy.web.tests.EtsyPageFirefoxTest" name="checkBox" time="21.582"/>
  <testcase classname="etsy.web.tests.EtsyPageFirefoxTest" name="hoverCategory" time="14.503"/>
  <testcase classname="etsy.web.tests.EtsyPageFirefoxTest" name="radioButton" time="22.265"/>
  <testcase classname="etsy.web.tests.EtsyPageFirefoxTest" name="searchBar" time="11.739"/>
</testsuite> <!-- Default test -->
