<?xml version="1.0" encoding="UTF-8"?>
<testng-results ignored="0" total="5" passed="5" failed="0" skipped="0">
  <reporter-output>
  </reporter-output>
  <suite started-at="2021-08-29T21:08:39 CEST" name="Default suite" finished-at="2021-08-29T21:10:03 CEST" duration-ms="84166">
    <groups>
    </groups>
    <test started-at="2021-08-29T21:08:39 CEST" name="Default test" finished-at="2021-08-29T21:10:03 CEST" duration-ms="84166">
      <class name="etsy.web.tests.EtsyPageFirefoxTest">
        <test-method signature="cart()[pri:0, instance:etsy.web.tests.EtsyPageFirefoxTest@6ce139a4]" started-at="2021-08-29T21:08:39 CEST" name="cart" finished-at="2021-08-29T21:08:53 CEST" duration-ms="13993" status="PASS">
          <reporter-output>
          </reporter-output>
        </test-method> <!-- cart -->
        <test-method signature="checkBox()[pri:0, instance:etsy.web.tests.EtsyPageFirefoxTest@6ce139a4]" started-at="2021-08-29T21:08:53 CEST" name="checkBox" finished-at="2021-08-29T21:09:14 CEST" duration-ms="21582" status="PASS">
          <reporter-output>
          </reporter-output>
        </test-method> <!-- checkBox -->
        <test-method signature="hoverCategory()[pri:0, instance:etsy.web.tests.EtsyPageFirefoxTest@6ce139a4]" started-at="2021-08-29T21:09:14 CEST" name="hoverCategory" finished-at="2021-08-29T21:09:29 CEST" duration-ms="14503" status="PASS">
          <reporter-output>
          </reporter-output>
        </test-method> <!-- hoverCategory -->
        <test-method signature="radioButton()[pri:0, instance:etsy.web.tests.EtsyPageFirefoxTest@6ce139a4]" started-at="2021-08-29T21:09:29 CEST" name="radioButton" finished-at="2021-08-29T21:09:51 CEST" duration-ms="22265" status="PASS">
          <reporter-output>
          </reporter-output>
        </test-method> <!-- radioButton -->
        <test-method signature="searchBar()[pri:0, instance:etsy.web.tests.EtsyPageFirefoxTest@6ce139a4]" started-at="2021-08-29T21:09:51 CEST" name="searchBar" finished-at="2021-08-29T21:10:03 CEST" duration-ms="11739" status="PASS">
          <reporter-output>
          </reporter-output>
        </test-method> <!-- searchBar -->
      </class> <!-- etsy.web.tests.EtsyPageFirefoxTest -->
    </test> <!-- Default test -->
  </suite> <!-- Default suite -->
</testng-results>
